#
# There is insufficient memory for the Java Runtime Environment to continue.
# Native memory allocation (mmap) failed to map 331350016 bytes for G1 virtual space
# Possible reasons:
#   The system is out of physical RAM or swap space
#   The process is running with CompressedOops enabled, and the Java Heap may be blocking the growth of the native heap
# Possible solutions:
#   Reduce memory load on the system
#   Increase physical memory or swap space
#   Check if swap backing store is full
#   Decrease Java heap size (-Xmx/-Xms)
#   Decrease number of Java threads
#   Decrease Java thread stack sizes (-Xss)
#   Set larger code cache with -XX:ReservedCodeCacheSize=
#   JVM is running with Zero Based Compressed Oops mode in which the Java heap is
#     placed in the first 32GB address space. The Java Heap base address is the
#     maximum limit for the native heap growth. Please use -XX:HeapBaseMinAddress
#     to set the Java Heap base and to place the Java Heap above 32GB virtual address.
# This output file may be truncated or incomplete.
#
#  Out of Memory Error (os_windows.cpp:3536), pid=20060, tid=23308
#
# JRE version:  (19.0.2+7) (build )
# Java VM: Java HotSpot(TM) 64-Bit Server VM (19.0.2+7-44, mixed mode, sharing, tiered, compressed oops, compressed class ptrs, g1 gc, windows-amd64)
# No core dump will be written. Minidumps are not enabled by default on client versions of Windows
#

---------------  S U M M A R Y ------------

Command Line: -XX:+ShowCodeDetailsInExceptionMessages ui.Executable

Host: Intel(R) Core(TM) i5-1035G1 CPU @ 1.00GHz, 8 cores, 19G,  Windows 10 , 64 bit Build 19041 (10.0.19041.2913)
Time: Sat May 27 18:56:23 2023 Hora est. Pacífico, Sudamérica elapsed time: 0.020072 seconds (0d 0h 0m 0s)

---------------  T H R E A D  ---------------

Current thread (0x000002555262c3e0):  JavaThread "Unknown thread" [_thread_in_vm, id=23308, stack(0x0000009c90600000,0x0000009c90700000)]

Stack: [0x0000009c90600000,0x0000009c90700000]
Native frames: (J=compiled Java code, j=interpreted, Vv=VM code, C=native code)
V  [jvm.dll+0x6ee21a]
V  [jvm.dll+0x85765e]
V  [jvm.dll+0x85904e]
V  [jvm.dll+0x859703]
V  [jvm.dll+0x28298f]
V  [jvm.dll+0x6eb009]
V  [jvm.dll+0x6dfbaa]
V  [jvm.dll+0x3573f6]
V  [jvm.dll+0x35ee56]
V  [jvm.dll+0x3b541e]
V  [jvm.dll+0x3b564f]
V  [jvm.dll+0x32c9ea]
V  [jvm.dll+0x32d89e]
V  [jvm.dll+0x821780]
V  [jvm.dll+0x3c2661]
V  [jvm.dll+0x801f51]
V  [jvm.dll+0x44ae8f]
V  [jvm.dll+0x44c811]
C  [jli.dll+0x5287]
C  [ucrtbase.dll+0x21bb2]
C  [KERNEL32.DLL+0x17614]
C  [ntdll.dll+0x526a1]


---------------  P R O C E S S  ---------------

Threads class SMR info:
_java_thread_list=0x00007ffd1a85d048, length=0, elements={
}

Java Threads: ( => current thread )

Other Threads:
  0x00000255526a8270 WorkerThread "GC Thread#0" [stack: 0x0000009c90700000,0x0000009c90800000] [id=4744]
  0x00000255526b3080 ConcurrentGCThread "G1 Main Marker" [stack: 0x0000009c90800000,0x0000009c90900000] [id=27908]
  0x00000255526b5170 WorkerThread "G1 Conc#0" [stack: 0x0000009c90900000,0x0000009c90a00000] [id=6252]

[error occurred during error reporting (printing all threads), id 0xc0000005, EXCEPTION_ACCESS_VIOLATION (0xc0000005) at pc=0x00007ffd1a01d427]

VM state: not at safepoint (not fully initialized)

VM Mutex/Monitor currently owned by a thread:  ([mutex/lock_event])
[0x0000025552627870] Heap_lock - owner thread: 0x000002555262c3e0

Heap address: 0x00000006c4000000, size: 5056 MB, Compressed Oops mode: Zero based, Oop shift amount: 3

CDS archive(s) mapped at: [0x0000000000000000-0x0000000000000000-0x0000000000000000), size 0, SharedBaseAddress: 0x0000000800000000, ArchiveRelocationMode: 0.
Narrow klass base: 0x0000000000000000, Narrow klass shift: 0, Narrow klass range: 0x0

GC Precious Log:
 CardTable entry size: 512
 Card Set container configuration: InlinePtr #cards 4 size 8 Array Of Cards #cards 32 size 80 Howl #buckets 8 coarsen threshold 7372 Howl Bitmap #cards 1024 size 144 coarsen threshold 921 Card regions per heap region 1 cards per card region 8192

Heap:
 garbage-first heap   total 0K, used 0K [0x00000006c4000000, 0x0000000800000000)
  region size 4096K, 0 young (0K), 0 survivors (0K)

[error occurred during error reporting (printing heap information), id 0xc0000005, EXCEPTION_ACCESS_VIOLATION (0xc0000005) at pc=0x00007ffd1a426649]

GC Heap History (0 events):
No events

Dll operation events (1 events):
Event: 0.012 Loaded shared library C:\Program Files\Java\jdk-19\bin\java.dll

Deoptimization events (0 events):
No events

Classes loaded (0 events):
No events

Classes unloaded (0 events):
No events

Classes redefined (0 events):
No events

Internal exceptions (0 events):
No events

VM Operations (0 events):
No events

Events (0 events):
No events


Dynamic libraries:
0x00007ff7340f0000 - 0x00007ff734100000 	C:\Program Files\Java\jdk-19\bin\java.exe
0x00007ffd8fd70000 - 0x00007ffd8ff68000 	C:\Windows\SYSTEM32\ntdll.dll
0x00007ffd8ed40000 - 0x00007ffd8edff000 	C:\Windows\System32\KERNEL32.DLL
0x00007ffd8d820000 - 0x00007ffd8db16000 	C:\Windows\System32\KERNELBASE.dll
0x00007ffd8d5b0000 - 0x00007ffd8d6b0000 	C:\Windows\System32\ucrtbase.dll
0x00007ffd87250000 - 0x00007ffd87268000 	C:\Program Files\Java\jdk-19\bin\jli.dll
0x00007ffd88a00000 - 0x00007ffd88a1b000 	C:\Program Files\Java\jdk-19\bin\VCRUNTIME140.dll
0x00007ffd8e4b0000 - 0x00007ffd8e55f000 	C:\Windows\System32\ADVAPI32.dll
0x00007ffd8def0000 - 0x00007ffd8df8e000 	C:\Windows\System32\msvcrt.dll
0x00007ffd8e410000 - 0x00007ffd8e4ac000 	C:\Windows\System32\sechost.dll
0x00007ffd8e1c0000 - 0x00007ffd8e2e6000 	C:\Windows\System32\RPCRT4.dll
0x00007ffd8ee00000 - 0x00007ffd8ef9d000 	C:\Windows\System32\USER32.dll
0x00007ffd8dda0000 - 0x00007ffd8ddc2000 	C:\Windows\System32\win32u.dll
0x00007ffd6a010000 - 0x00007ffd6a2aa000 	C:\Windows\WinSxS\amd64_microsoft.windows.common-controls_6595b64144ccf1df_6.0.19041.1110_none_60b5254171f9507e\COMCTL32.dll
0x00007ffd8fd00000 - 0x00007ffd8fd2c000 	C:\Windows\System32\GDI32.dll
0x00007ffd8d6b0000 - 0x00007ffd8d7c5000 	C:\Windows\System32\gdi32full.dll
0x00007ffd8db20000 - 0x00007ffd8dbbd000 	C:\Windows\System32\msvcp_win.dll
0x00007ffd86c80000 - 0x00007ffd86c8a000 	C:\Windows\SYSTEM32\VERSION.dll
0x00007ffd8deb0000 - 0x00007ffd8dee0000 	C:\Windows\System32\IMM32.DLL
0x00007ffd88ab0000 - 0x00007ffd88abc000 	C:\Program Files\Java\jdk-19\bin\vcruntime140_1.dll
0x00007ffd4fd00000 - 0x00007ffd4fd8e000 	C:\Program Files\Java\jdk-19\bin\msvcp140.dll
0x00007ffd19ce0000 - 0x00007ffd1a9a0000 	C:\Program Files\Java\jdk-19\bin\server\jvm.dll
0x00007ffd60b60000 - 0x00007ffd60b87000 	C:\Windows\SYSTEM32\WINMM.dll
0x00007ffd69c70000 - 0x00007ffd69c79000 	C:\Windows\SYSTEM32\WSOCK32.dll
0x00007ffd8ecd0000 - 0x00007ffd8ed3b000 	C:\Windows\System32\WS2_32.dll
0x00007ffd8bca0000 - 0x00007ffd8bcb2000 	C:\Windows\SYSTEM32\kernel.appcore.dll
0x00007ffd88a90000 - 0x00007ffd88a9a000 	C:\Program Files\Java\jdk-19\bin\jimage.dll
0x00007ffd8af90000 - 0x00007ffd8b174000 	C:\Windows\SYSTEM32\DBGHELP.DLL
0x00007ffd7d4e0000 - 0x00007ffd7d514000 	C:\Windows\SYSTEM32\dbgcore.DLL
0x00007ffd8dd10000 - 0x00007ffd8dd92000 	C:\Windows\System32\bcryptPrimitives.dll
0x00007ffd871d0000 - 0x00007ffd871f6000 	C:\Program Files\Java\jdk-19\bin\java.dll

dbghelp: loaded successfully - version: 4.0.5 - missing functions: none
symbol engine: initialized successfully - sym options: 0x614 - pdb path: .;C:\Program Files\Java\jdk-19\bin;C:\Windows\SYSTEM32;C:\Windows\WinSxS\amd64_microsoft.windows.common-controls_6595b64144ccf1df_6.0.19041.1110_none_60b5254171f9507e;C:\Program Files\Java\jdk-19\bin\server

VM Arguments:
jvm_args: -XX:+ShowCodeDetailsInExceptionMessages 
java_command: ui.Executable
java_class_path (initial): C:\Users\Juan Andrés Cano R\AppData\Roaming\Code\User\workspaceStorage\fe8f5dcdcf9899962e2caab2c9d67a80\redhat.java\jdt_ws\RepositorioIntegradora3_18b3f21d\bin
Launcher Type: SUN_STANDARD

[Global flags]
     intx CICompilerCount                          = 4                                         {product} {ergonomic}
     uint ConcGCThreads                            = 2                                         {product} {ergonomic}
     uint G1ConcRefinementThreads                  = 8                                         {product} {ergonomic}
   size_t G1HeapRegionSize                         = 4194304                                   {product} {ergonomic}
    uintx GCDrainStackTargetSize                   = 64                                        {product} {ergonomic}
   size_t InitialHeapSize                          = 331350016                                 {product} {ergonomic}
   size_t MarkStackSize                            = 4194304                                   {product} {ergonomic}
   size_t MaxHeapSize                              = 5301600256                                {product} {ergonomic}
   size_t MinHeapDeltaBytes                        = 4194304                                   {product} {ergonomic}
   size_t MinHeapSize                              = 8388608                                   {product} {ergonomic}
    uintx NonNMethodCodeHeapSize                   = 5839372                                {pd product} {ergonomic}
    uintx NonProfiledCodeHeapSize                  = 122909434                              {pd product} {ergonomic}
    uintx ProfiledCodeHeapSize                     = 122909434                              {pd product} {ergonomic}
    uintx ReservedCodeCacheSize                    = 251658240                              {pd product} {ergonomic}
     bool SegmentedCodeCache                       = true                                      {product} {ergonomic}
     bool ShowCodeDetailsInExceptionMessages       = true                                   {manageable} {command line}
   size_t SoftMaxHeapSize                          = 5301600256                             {manageable} {ergonomic}
     bool UseCompressedClassPointers               = true                           {product lp64_product} {ergonomic}
     bool UseCompressedOops                        = true                           {product lp64_product} {ergonomic}
     bool UseG1GC                                  = true                                      {product} {ergonomic}
     bool UseLargePagesIndividualAllocation        = false                                  {pd product} {ergonomic}

Logging:
Log output configuration:
 #0: stdout all=warning uptime,level,tags foldmultilines=false
 #1: stderr all=off uptime,level,tags foldmultilines=false

Environment Variables:
JAVA_HOME=C:\Program Files\Java\jdk-19
PATH=C:\Program Files\Eclipse Adoptium\jdk-17.0.6.10-hotspot\bin;C:\Program Files\Common Files\Oracle\Java\javapath;C:\Program Files (x86)\Common Files\Oracle\Java\javapath;C:\Windows\system32;C:\Windows;C:\Windows\System32\Wbem;C:\Windows\System32\WindowsPowerShell\v1.0\;C:\Windows\System32\OpenSSH\;C:\Program Files\Process Lasso\;C:\Program Files\Java\jdk-19\bin;C:\Program Files\Git\cmd;C:\Users\Juan Andrés Cano R\AppData\Local\Microsoft\WindowsApps;C:\Users\Juan Andrés Cano R\AppData\Local\Programs\Microsoft VS Code\bin;C:\Users\Juan Andrés Cano R\AppData\Local\GitHubDesktop\bin
USERNAME=Juan Andrés Cano R
LANG=en_US.UTF-8
OS=Windows_NT
PROCESSOR_IDENTIFIER=Intel64 Family 6 Model 126 Stepping 5, GenuineIntel
TMP=C:\Users\JUANAN~1\AppData\Local\Temp
TEMP=C:\Users\JUANAN~1\AppData\Local\Temp



---------------  S Y S T E M  ---------------

OS:
 Windows 10 , 64 bit Build 19041 (10.0.19041.2913)
OS uptime: 7 days 9:54 hours

CPU: total 8 (initial active 8) (4 cores per cpu, 2 threads per core) family 6 model 126 stepping 5 microcode 0xa0, cx8, cmov, fxsr, ht, mmx, 3dnowpref, sse, sse2, sse3, ssse3, sse4.1, sse4.2, popcnt, lzcnt, tsc, tscinvbit, avx, avx2, aes, erms, clmul, bmi1, bmi2, adx, avx512f, avx512dq, avx512cd, avx512bw, avx512vl, sha, fma, vzeroupper, avx512_vpopcntdq, avx512_vpclmulqdq, avx512_vaes, avx512_vnni, clflush, clflushopt, avx512_vbmi2, avx512_vbmi, rdtscp, rdpid, fsrm, gfni, avx512_bitalg

Memory: 4k page, system-wide physical 20220M (9987M free)
TotalPageFile size 25220M (AvailPageFile size 53M)
current process WorkingSet (physical memory assigned to process): 10M, peak: 10M
current process commit charge ("private bytes"): 60M, peak: 376M

vm_info: Java HotSpot(TM) 64-Bit Server VM (19.0.2+7-44) for windows-amd64 JRE (19.0.2+7-44), built on 2022-11-30T18:02:09Z by "mach5one" with MS VC++ 17.1 (VS2022)

END.
